{"@timestamp":"2025-08-29T15:55:40.619+08:00","caller":"utils/logger.go:66","content":"Blog API server starting at 0.0.0.0:8888","level":"info"}
{"@timestamp":"2025-08-29T15:56:06.195+08:00","caller":"handler/loghandler.go:149","content":"[HTTP] 404 - GET /ping - [::1]:59003 - curl/8.7.1","duration":"0.0ms","level":"info","span":"4232026211ea22d4","trace":"2fadd9bb16e8b214535e91af32aabe00"}
{"@timestamp":"2025-08-29T15:56:06.204+08:00","caller":"handler/loghandler.go:149","content":"[HTTP] 404 - POST /api/register - [::1]:59004 - curl/8.7.1","duration":"0.0ms","level":"info","span":"a248a61a6c09a3f6","trace":"8c2cd545feb71f7bc30319d0b5ac068c"}
{"@timestamp":"2025-08-29T15:56:06.215+08:00","caller":"handler/loghandler.go:149","content":"[HTTP] 404 - POST /api/login - [::1]:59005 - curl/8.7.1","duration":"0.0ms","level":"info","span":"25e2161105006762","trace":"376649dc97c5b9eb146167477d03d631"}
{"@timestamp":"2025-08-29T15:56:11.004+08:00","caller":"handler/loghandler.go:149","content":"[HTTP] 404 - GET /?ide_webview_request_time=1756454170994 - [::1]:59051 - Mozilla/5.0 (Macintosh; Intel Mac OS X 10_15_7) AppleWebKit/537.36 (KHTML, like Gecko) Trae/1.100.3 Chrome/132.0.6834.210 Electron/34.5.1 Safari/537.36","duration":"0.0ms","level":"info","span":"1788004976af1940","trace":"bcd8d04c4317bb9e4d58aad4d4263d1c"}
{"@timestamp":"2025-08-29T15:56:11.067+08:00","caller":"handler/loghandler.go:149","content":"[HTTP] 404 - GET /@vite/client - [::1]:59051 - Mozilla/5.0 (Macintosh; Intel Mac OS X 10_15_7) AppleWebKit/537.36 (KHTML, like Gecko) Trae/1.100.3 Chrome/132.0.6834.210 Electron/34.5.1 Safari/537.36","duration":"0.0ms","level":"info","span":"64daa3255e61c7ef","trace":"c0b361c785fcd7e736a86c6290fe25e9"}
{"@timestamp":"2025-08-29T15:56:20.235+08:00","caller":"handler/loghandler.go:149","content":"[HTTP] 404 - POST /api/user/register - [::1]:59135 - curl/8.7.1","duration":"0.0ms","level":"info","span":"ec1a910a6effc7b4","trace":"50ffde2e7feb457ec89dc961cca47591"}
{"@timestamp":"2025-08-29T15:57:31.669+08:00","caller":"handler/loghandler.go:149","content":"[HTTP] 404 - GET /ping - [::1]:59784 - curl/8.7.1","duration":"0.0ms","level":"info","span":"2bacb3e3954a9d2a","trace":"265f8e5633f490922b35b8549aacf592"}
{"@timestamp":"2025-08-29T15:57:31.757+08:00","caller":"handler/loghandler.go:149","content":"[HTTP] 200 - POST /api/v1/auth/register - [::1]:59785 - curl/8.7.1","duration":"74.3ms","level":"info","span":"49503616d5d81da6","trace":"c88b038f1e29a3b7d8fe3e77dfe56cc2"}
{"@timestamp":"2025-08-29T15:57:31.829+08:00","caller":"handler/loghandler.go:149","content":"[HTTP] 200 - POST /api/v1/auth/login - [::1]:59786 - curl/8.7.1","duration":"61.0ms","level":"info","span":"f23d40c71ad2f343","trace":"7e54890bad7e54e0c4d2ff3f598ab316"}
{"@timestamp":"2025-08-29T15:58:12.527+08:00","caller":"handler/loghandler.go:149","content":"[HTTP] 404 - GET /ping - [::1]:60168 - curl/8.7.1","duration":"0.0ms","level":"info","span":"def897b04373a590","trace":"ca980d7b349e49a85a449adc28dff630"}
{"@timestamp":"2025-08-29T15:58:12.560+08:00","caller":"handler/loghandler.go:149","content":"[HTTP] 200 - POST /api/v1/auth/register - [::1]:60169 - curl/8.7.1","duration":"1.7ms","level":"info","span":"fe8d918e3a22d747","trace":"7fcd93caf04dfb29d5d51a26d685507d"}
{"@timestamp":"2025-08-29T15:58:12.639+08:00","caller":"handler/loghandler.go:149","content":"[HTTP] 200 - POST /api/v1/auth/login - [::1]:60170 - curl/8.7.1","duration":"62.2ms","level":"info","span":"d1ea1775851dc8c9","trace":"c9ad8cc9e92e66380fe807ec6cbd11aa"}
{"@timestamp":"2025-08-29T15:58:12.651+08:00","caller":"handler/loghandler.go:149","content":"[HTTP] 400 - GET /api/v1/user/info - [::1]:60171 - curl/8.7.1","duration":"0.3ms","level":"info","span":"f9ea1081ec9bde5e","trace":"4b0a38405e8e527e180a7be3346c128d"}
{"@timestamp":"2025-08-29T15:58:12.660+08:00","caller":"handler/loghandler.go:149","content":"[HTTP] 400 - POST /api/v1/posts - [::1]:60172 - curl/8.7.1","duration":"0.1ms","level":"info","span":"c0c34cf8e758a4fb","trace":"3250820a9c2b296a4df00a4339172e9d"}
{"@timestamp":"2025-08-29T15:58:12.671+08:00","caller":"handler/loghandler.go:149","content":"[HTTP] 200 - GET /api/v1/posts?page=1&pageSize=10 - [::1]:60173 - curl/8.7.1","duration":"2.3ms","level":"info","span":"618fb6bee7c70a63","trace":"8015f6b3aec18eb62de297a0277ef2b7"}
{"@timestamp":"2025-08-29T15:58:12.680+08:00","caller":"handler/loghandler.go:149","content":"[HTTP] 400 - GET /api/v1/posts/1 - [::1]:60174 - curl/8.7.1","duration":"0.0ms","level":"info","span":"a73c88e384a4f786","trace":"7f85e7169375b18c7c2f504e22be1f77"}
{"@timestamp":"2025-08-29T15:58:12.687+08:00","caller":"handler/loghandler.go:149","content":"[HTTP] 400 - POST /api/v1/comments - [::1]:60175 - curl/8.7.1","duration":"0.1ms","level":"info","span":"8a0f3106e15581cd","trace":"07bcb0c26e2a4cf73797f83a5fdc4143"}
{"@timestamp":"2025-08-29T15:58:12.696+08:00","caller":"handler/loghandler.go:149","content":"[HTTP] 400 - GET /api/v1/comments?postId=1&page=1&pageSize=10 - [::1]:60176 - curl/8.7.1","duration":"0.0ms","level":"info","span":"edc97868431fb9d7","trace":"cdcbbdea916e707c8f26b7e8cb3005fb"}
{"@timestamp":"2025-08-29T15:58:57.349+08:00","caller":"handler/loghandler.go:149","content":"[HTTP] 404 - GET /?ide_webview_request_time=1756454170994 - [::1]:60649 - Mozilla/5.0 (Macintosh; Intel Mac OS X 10_15_7) AppleWebKit/537.36 (KHTML, like Gecko) Trae/1.100.3 Chrome/132.0.6834.210 Electron/34.5.1 Safari/537.36","duration":"0.0ms","level":"info","span":"500fdf87bf49f3e5","trace":"a1d7cd4dfef35e7db860ba64771df14f"}
{"@timestamp":"2025-08-29T15:58:57.363+08:00","caller":"handler/loghandler.go:149","content":"[HTTP] 404 - GET /?ide_webview_request_time=1756454170994 - [::1]:60649 - Mozilla/5.0 (Macintosh; Intel Mac OS X 10_15_7) AppleWebKit/537.36 (KHTML, like Gecko) Trae/1.100.3 Chrome/132.0.6834.210 Electron/34.5.1 Safari/537.36","duration":"0.0ms","level":"info","span":"1d6b21883534ddf9","trace":"8fc0cae35cc2e3b38563229a8ff850e2"}
{"@timestamp":"2025-08-29T15:58:57.441+08:00","caller":"handler/loghandler.go:149","content":"[HTTP] 404 - GET /@vite/client - [::1]:60649 - Mozilla/5.0 (Macintosh; Intel Mac OS X 10_15_7) AppleWebKit/537.36 (KHTML, like Gecko) Trae/1.100.3 Chrome/132.0.6834.210 Electron/34.5.1 Safari/537.36","duration":"0.0ms","level":"info","span":"fc1c50130e2460f6","trace":"57922b45ed38750b779ba88d332dfdd3"}
{"@timestamp":"2025-08-29T15:59:45.435+08:00","caller":"handler/loghandler.go:149","content":"[HTTP] 400 - GET /api/v1/user/info - [::1]:60890 - curl/8.7.1","duration":"0.1ms","level":"info","span":"2b69ea4ec73d2d4a","trace":"eeaa9440148beeb893253f60a0bc19bd"}
{"@timestamp":"2025-08-29T16:01:02.981+08:00","caller":"handler/loghandler.go:149","content":"[HTTP] 400 - GET /api/v1/user/info - [::1]:61502 - curl/8.7.1","duration":"0.1ms","level":"info","span":"b815ab11cf62c4e9","trace":"fc674ba73d60c5c53e2a162d11b3503b"}
{"@timestamp":"2025-08-29T16:01:33.009+08:00","caller":"handler/loghandler.go:149","content":"[HTTP] 400 - GET /api/v1/user/info - [::1]:61918 - curl/8.7.1","duration":"0.1ms","level":"info","span":"bd390a2e0adf62d4","trace":"90a6c49a241e86d521433baafa30b88c"}
{"@timestamp":"2025-08-29T16:02:38.910+08:00","caller":"handler/loghandler.go:149","content":"[HTTP] 400 - GET /api/v1/user/info - [::1]:62464 - curl/8.7.1","duration":"0.1ms","level":"info","span":"56ca6238e912cc0e","trace":"b78c34bb82b59c808d93b90fb3242e08"}
{"@timestamp":"2025-08-29T16:07:32.850+08:00","caller":"handler/loghandler.go:149","content":"[HTTP] 404 - GET /api/user/info - [::1]:64943 - curl/8.7.1","duration":"0.0ms","level":"info","span":"81c8fec55f685b6f","trace":"bbad32daa8cc004984d56e03b6b98f1d"}
{"@timestamp":"2025-08-29T16:07:39.541+08:00","caller":"handler/loghandler.go:149","content":"[HTTP] 404 - POST /api/user/login - [::1]:64985 - curl/8.7.1","duration":"0.0ms","level":"info","span":"5a614f0f6225b2e1","trace":"6c535f84b526dd2c39e2597cf5fd99ed"}
{"@timestamp":"2025-08-29T16:08:21.508+08:00","caller":"handler/loghandler.go:149","content":"[HTTP] 200 - POST /api/v1/auth/login - [::1]:65250 - curl/8.7.1","duration":"61.2ms","level":"info","span":"27cb98c2b371ca38","trace":"4b9997239f8dce68e7188c22986a8d55"}
{"@timestamp":"2025-08-29T16:08:55.331+08:00","caller":"handler/loghandler.go:149","content":"[HTTP] 200 - POST /api/v1/auth/login - [::1]:65437 - curl/8.7.1","duration":"60.5ms","level":"info","span":"c18cec5e0b199545","trace":"300fb5c09577db58f645aeaa989c1774"}
{"@timestamp":"2025-08-29T16:09:26.680+08:00","caller":"handler/loghandler.go:149","content":"[HTTP] 200 - POST /api/v1/auth/login - [::1]:49247 - curl/8.7.1","duration":"60.2ms","level":"info","span":"e5b662a32e13333e","trace":"235762a5e0ccde2e9246bbc3e8d007bf"}
{"@timestamp":"2025-08-29T16:10:11.270+08:00","caller":"handler/loghandler.go:149","content":"[HTTP] 400 - GET /api/v1/user/info - [::1]:49608 - curl/8.7.1","duration":"0.1ms","level":"info","span":"f07c3475603e8386","trace":"e96a3bdce472522853ee4a770d86d355"}
{"@timestamp":"2025-08-29T16:12:39.052+08:00","caller":"handler/loghandler.go:149","content":"[HTTP] 400 - GET /api/v1/user/info - [::1]:50656 - curl/8.7.1","duration":"0.1ms","level":"info","span":"39ca398efdac9a84","trace":"f619d3318a887083205bdc8320423b16"}
{"@timestamp":"2025-08-29T16:13:06.718+08:00","caller":"handler/loghandler.go:149","content":"[HTTP] 400 - GET /api/v1/user/info - [::1]:50875 - curl/8.7.1","duration":"0.1ms","level":"info","span":"7e301d48565277b9","trace":"79f313516f25e837207e07ea3665a45b"}
{"@timestamp":"2025-08-29T16:14:25.422+08:00","caller":"handler/loghandler.go:149","content":"[HTTP] 400 - GET /api/v1/user/info - [::1]:51700 - curl/8.7.1","duration":"0.1ms","level":"info","span":"9f6af1158a034952","trace":"3bbb757ea65c8e633038570bdf600a50"}
{"@timestamp":"2025-08-29T16:15:05.383+08:00","caller":"handler/loghandler.go:149","content":"[HTTP] 400 - GET /api/v1/user/info - [::1]:51911 - curl/8.7.1","duration":"0.1ms","level":"info","span":"5accec9b0483e6f6","trace":"b726030de2871f016a737fcf59f85f4a"}
{"@timestamp":"2025-08-29T16:17:56.128+08:00","caller":"proc/shutdown.go:84","content":"Got signal 2, shutting down...","level":"info"}
{"@timestamp":"2025-08-29T16:18:02.277+08:00","caller":"utils/logger.go:66","content":"Blog API server starting at 0.0.0.0:8888","level":"info"}
{"@timestamp":"2025-08-29T16:18:10.949+08:00","caller":"handler/loghandler.go:149","content":"[HTTP] 200 - POST /api/v1/auth/login - [::1]:53986 - curl/8.7.1","duration":"62.8ms","level":"info","span":"548d0eac180790a6","trace":"ea4b5fe4fa33ec738ee3eaea6463d437"}
{"@timestamp":"2025-08-29T16:18:33.531+08:00","caller":"logic/getuserinfologic.go:32","content":"Debug: checking context values","level":"info"}
{"@timestamp":"2025-08-29T16:18:33.531+08:00","caller":"logic/getuserinfologic.go:33","content":"user_id: 1 (type: json.Number)","level":"info"}
{"@timestamp":"2025-08-29T16:18:33.531+08:00","caller":"logic/getuserinfologic.go:34","content":"userId: <nil> (type: <nil>)","level":"info"}
{"@timestamp":"2025-08-29T16:18:33.531+08:00","caller":"logic/getuserinfologic.go:35","content":"uid: <nil> (type: <nil>)","level":"info"}
{"@timestamp":"2025-08-29T16:18:33.531+08:00","caller":"handler/loghandler.go:149","content":"[HTTP] 400 - GET /api/v1/user/info - [::1]:54291 - curl/8.7.1","duration":"0.1ms","level":"info","span":"0491f82333b7028e","trace":"20d9f5b8ac782771294c242a7cd3796f"}
{"@timestamp":"2025-08-29T16:19:31.166+08:00","caller":"logic/getuserinfologic.go:32","content":"Debug: checking context values","level":"info"}
{"@timestamp":"2025-08-29T16:19:31.166+08:00","caller":"logic/getuserinfologic.go:33","content":"user_id: 1 (type: json.Number)","level":"info"}
{"@timestamp":"2025-08-29T16:19:31.166+08:00","caller":"logic/getuserinfologic.go:34","content":"userId: <nil> (type: <nil>)","level":"info"}
{"@timestamp":"2025-08-29T16:19:31.166+08:00","caller":"logic/getuserinfologic.go:35","content":"uid: <nil> (type: <nil>)","level":"info"}
{"@timestamp":"2025-08-29T16:19:31.166+08:00","caller":"handler/loghandler.go:149","content":"[HTTP] 400 - GET /api/v1/user/info - [::1]:54674 - curl/8.7.1","duration":"0.2ms","level":"info","span":"bd025bd5982294c9","trace":"64e0c27c1486d9a126a3a7fc8a07479b"}
{"@timestamp":"2025-08-29T16:20:04.750+08:00","caller":"proc/shutdown.go:84","content":"Got signal 2, shutting down...","level":"info"}
{"@timestamp":"2025-08-29T16:20:10.933+08:00","caller":"utils/logger.go:66","content":"Blog API server starting at 0.0.0.0:8888","level":"info"}
{"@timestamp":"2025-08-29T16:20:34.029+08:00","caller":"handler/loghandler.go:149","content":"[HTTP] 200 - GET /api/v1/user/info - [::1]:55024 - curl/8.7.1","duration":"0.8ms","level":"info","span":"2997fb7d3c0ff082","trace":"282286d34243fca9a3d9d90e835ebf80"}
{"@timestamp":"2025-08-29T16:21:04.946+08:00","caller":"handler/loghandler.go:149","content":"[HTTP] 200 - GET /api/v1/user/info - [::1]:55152 - curl/8.7.1","duration":"0.9ms","level":"info","span":"47136eb97ddf8782","trace":"8f247ebcc46d6129d910640f57279890"}
{"@timestamp":"2025-08-29T16:21:18.727+08:00","caller":"handler/loghandler.go:149","content":"[HTTP] 200 - GET /api/v1/user/info - [::1]:55319 - curl/8.7.1","duration":"0.8ms","level":"info","span":"9973664884ea4c27","trace":"1ca3275b7d7d7f99810ff574781e5544"}
{"@timestamp":"2025-08-29T16:21:59.021+08:00","caller":"handler/loghandler.go:149","content":"[HTTP] 200 - GET /api/v1/user/info - [::1]:55599 - python-requests/2.32.3","duration":"1.6ms","level":"info","span":"b89adf2cd7514683","trace":"409d540ca0dc739e9bb12bd278427bf4"}
{"@timestamp":"2025-08-29T16:22:37.011+08:00","caller":"handler/loghandler.go:149","content":"[HTTP] 400 - POST /api/v1/posts - [::1]:56009 - python-requests/2.32.3","duration":"0.1ms","level":"info","span":"9bfbbda4d91fc80d","trace":"a360b0df15bdcaec6339f61a4a57b53a"}
{"@timestamp":"2025-08-29T16:23:28.584+08:00","caller":"handler/loghandler.go:149","content":"[HTTP] 400 - POST /api/v1/posts - [::1]:56373 - python-requests/2.32.3","duration":"0.2ms","level":"info","span":"7a048c69f82809c8","trace":"8ddd041d16fe10fb573925488fa6926a"}
{"@timestamp":"2025-08-29T16:24:37.400+08:00","caller":"handler/loghandler.go:149","content":"[HTTP] 400 - POST /api/v1/posts - [::1]:56910 - python-requests/2.32.3","duration":"0.1ms","level":"info","span":"d2d8d4637767a60f","trace":"9c178ca3ba9f867d164b8787a1b94698"}
{"@timestamp":"2025-08-29T16:25:30.098+08:00","caller":"handler/loghandler.go:149","content":"[HTTP] 400 - POST /api/v1/posts - [::1]:57326 - python-requests/2.32.3","duration":"0.1ms","level":"info","span":"62ae75e189e6f8ff","trace":"ae576cf529dd498614679b8cb1978170"}
{"@timestamp":"2025-08-29T16:26:18.482+08:00","caller":"utils/logger.go:66","content":"Blog API server starting at 0.0.0.0:8888","level":"info"}
{"@timestamp":"2025-08-29T16:26:56.603+08:00","caller":"utils/logger.go:66","content":"Blog API server starting at 0.0.0.0:8888","level":"info"}
{"@timestamp":"2025-08-29T16:28:22.861+08:00","caller":"utils/logger.go:66","content":"Blog API server starting at 0.0.0.0:8888","level":"info"}
{"@timestamp":"2025-08-29T16:28:26.825+08:00","caller":"handler/loghandler.go:149","content":"[HTTP] 404 - GET /?ide_webview_request_time=1756456106813 - [::1]:58524 - Mozilla/5.0 (Macintosh; Intel Mac OS X 10_15_7) AppleWebKit/537.36 (KHTML, like Gecko) Trae/1.100.3 Chrome/132.0.6834.210 Electron/34.5.1 Safari/537.36","duration":"0.0ms","level":"info","span":"f8ee851a976fa68a","trace":"f864a35783ac693779d553e403f16aaa"}
{"@timestamp":"2025-08-29T16:28:26.892+08:00","caller":"handler/loghandler.go:149","content":"[HTTP] 404 - GET /@vite/client - [::1]:58524 - Mozilla/5.0 (Macintosh; Intel Mac OS X 10_15_7) AppleWebKit/537.36 (KHTML, like Gecko) Trae/1.100.3 Chrome/132.0.6834.210 Electron/34.5.1 Safari/537.36","duration":"0.1ms","level":"info","span":"46e8aa3c172cedde","trace":"09a424447b87eb893a3bdd94e9cf6a70"}
{"@timestamp":"2025-08-29T16:28:47.594+08:00","caller":"handler/loghandler.go:149","content":"[HTTP] 404 - POST /api/v1/login - [::1]:58701 - python-requests/2.32.3","duration":"0.0ms","level":"info","span":"c951b92701ab78c0","trace":"ded15fdd40f53507e0b2175f46dbbdf5"}
{"@timestamp":"2025-08-29T16:29:18.851+08:00","caller":"handler/loghandler.go:149","content":"[HTTP] 200 - POST /api/v1/auth/login - [::1]:58905 - python-requests/2.32.3","duration":"61.4ms","level":"info","span":"828f7b0e7b30150e","trace":"661e2d59195c086b4d9123a99776d159"}
{"@timestamp":"2025-08-29T16:29:18.861+08:00","caller":"handler/loghandler.go:149","content":"[HTTP] 200 - POST /api/v1/posts - [::1]:58906 - python-requests/2.32.3","duration":"7.5ms","level":"info","span":"ee8be1be88d2307d","trace":"8ef59fcd5bdca094f49f1317350c1101"}
{"@timestamp":"2025-08-29T16:29:36.168+08:00","caller":"handler/loghandler.go:149","content":"[HTTP] 200 - POST /api/v1/auth/login - [::1]:59081 - python-requests/2.32.3","duration":"60.2ms","level":"info","span":"1eecb584fb9a64ca","trace":"0149f24519f9ac305c3617d6727447bb"}
{"@timestamp":"2025-08-29T16:29:36.175+08:00","caller":"handler/loghandler.go:149","content":"[HTTP] 200 - GET /api/v1/posts - [::1]:59082 - python-requests/2.32.3","duration":"5.3ms","level":"info","span":"13b396d70048792c","trace":"4aad24655e433c6f975b75ba5d5b7517"}
{"@timestamp":"2025-08-29T16:29:36.177+08:00","caller":"handler/loghandler.go:149","content":"[HTTP] 400 - GET /api/v1/posts/1 - [::1]:59083 - python-requests/2.32.3","duration":"0.0ms","level":"info","span":"b033b26b3800a00a","trace":"854b1e5faad8b867cb681db854872894"}
{"@timestamp":"2025-08-29T16:29:54.990+08:00","caller":"handler/loghandler.go:149","content":"[HTTP] 400 - GET /api/v1/posts/1 - [::1]:59182 - python-requests/2.32.3","duration":"0.1ms","level":"info","span":"1c947419ea58c064","trace":"c64aa2d3cbfc23ff5381cc34d52c4974"}
{"@timestamp":"2025-08-29T16:31:14.122+08:00","caller":"handler/loghandler.go:149","content":"[HTTP] 400 - GET /api/v1/posts/1 - [::1]:59913 - python-requests/2.32.3","duration":"0.1ms","level":"info","span":"eab160795ea416e8","trace":"2dd8caf1caccbedebeb1bf200c383187"}
{"@timestamp":"2025-08-29T16:32:43.407+08:00","caller":"handler/loghandler.go:149","content":"[HTTP] 400 - GET /api/v1/posts/1 - [::1]:60749 - python-requests/2.32.3","duration":"0.4ms","level":"info","span":"2f0cd2bde06040be","trace":"08eeba61b9de37a1c664dfcc6c5e2f4d"}
{"@timestamp":"2025-08-29T16:33:49.036+08:00","caller":"handler/loghandler.go:149","content":"[HTTP] 400 - GET /api/v1/posts/1 - [::1]:61380 - python-requests/2.32.3","duration":"0.0ms","level":"info","span":"caf09367b942f004","trace":"0c15a2d56d6f4ff6e016b666d88998a6"}
{"@timestamp":"2025-08-29T16:34:10.612+08:00","caller":"handler/loghandler.go:149","content":"[HTTP] 400 - GET /api/v1/posts/1 - [::1]:61579 - python-requests/2.32.3","duration":"0.1ms","level":"info","span":"a4e5d0cf57d64a2b","trace":"9c27bc2adaa3e0985e75a198f011d8e1"}
{"@timestamp":"2025-08-29T16:34:43.629+08:00","caller":"handler/loghandler.go:149","content":"[HTTP] 400 - GET /api/v1/posts/1 - [::1]:61830 - python-requests/2.32.3","duration":"0.1ms","level":"info","span":"37f2c460100673ed","trace":"5e73a1c9bf1fb633d9f0f905f2bc0796"}
{"@timestamp":"2025-08-29T16:35:09.443+08:00","caller":"handler/loghandler.go:149","content":"[HTTP] 400 - GET /api/v1/posts/1 - [::1]:61967 - python-requests/2.32.3","duration":"0.1ms","level":"info","span":"f49e0a7d410b8f7e","trace":"b65ca409e07699e492020136d6302cdf"}
{"@timestamp":"2025-08-29T16:35:32.550+08:00","caller":"handler/loghandler.go:149","content":"[HTTP] 400 - GET /api/v1/posts/1 - [::1]:62172 - python-requests/2.32.3","duration":"0.0ms","level":"info","span":"b2233ef8ec58cbd0","trace":"22e3370713bf15726799aef268f31c0e"}
{"@timestamp":"2025-08-29T16:35:51.237+08:00","caller":"handler/loghandler.go:149","content":"[HTTP] 400 - GET /api/v1/posts/1 - [::1]:62264 - python-requests/2.32.3","duration":"0.0ms","level":"info","span":"a552a2ed5c4d7add","trace":"01754c49d7e27b0dce897d3e6ad6e4c2"}
{"@timestamp":"2025-08-29T16:36:01.756+08:00","caller":"proc/shutdown.go:84","content":"Got signal 15, shutting down...","level":"info"}
{"@timestamp":"2025-08-29T16:36:18.077+08:00","caller":"utils/logger.go:66","content":"Blog API server starting at 0.0.0.0:8888","level":"info"}
{"@timestamp":"2025-08-29T16:36:28.908+08:00","caller":"handler/loghandler.go:149","content":"[HTTP] 200 - GET /api/v1/posts/1 - [::1]:62626 - python-requests/2.32.3","duration":"1.0ms","level":"info","span":"f39d7ea7f74bcd0c","trace":"d0c579b226e4695d92dc3a5f040feccf"}
{"@timestamp":"2025-08-29T16:36:53.392+08:00","caller":"handler/loghandler.go:149","content":"[HTTP] 400 - POST /api/v1/auth/login - [::1]:62773 - python-requests/2.32.3","duration":"60.4ms","level":"info","span":"6158fd44b8c58f14","trace":"a7e9ad13047d15ad0cd8b47cfc0fc287"}
{"@timestamp":"2025-08-29T16:37:08.215+08:00","caller":"handler/loghandler.go:149","content":"[HTTP] 400 - POST /api/v1/auth/login - [::1]:62825 - python-requests/2.32.3","duration":"68.4ms","level":"info","span":"6cfaa31c434a2d12","trace":"723660673f9d895fd165f370774ac9e8"}
{"@timestamp":"2025-08-29T16:37:30.137+08:00","caller":"handler/loghandler.go:149","content":"[HTTP] 200 - POST /api/v1/auth/register - [::1]:63078 - python-requests/2.32.3","duration":"64.1ms","level":"info","span":"adb0a3d8050148ae","trace":"c27c8d866b3e54d4a6a371e5ccdb5124"}
{"@timestamp":"2025-08-29T16:37:30.200+08:00","caller":"handler/loghandler.go:149","content":"[HTTP] 200 - POST /api/v1/auth/login - [::1]:63079 - python-requests/2.32.3","duration":"61.9ms","level":"info","span":"436d811ff162f1a4","trace":"e41b87c4d76571f45a80e8322d0af968"}
{"@timestamp":"2025-08-29T16:37:30.206+08:00","caller":"handler/loghandler.go:149","content":"[HTTP] 200 - POST /api/v1/posts - [::1]:63137 - python-requests/2.32.3","duration":"3.7ms","level":"info","span":"957d67a0e2ab279f","trace":"937bea8eea0e8785ea5f33852d71b20d"}
{"@timestamp":"2025-08-29T16:37:30.208+08:00","caller":"handler/loghandler.go:149","content":"[HTTP] 200 - GET /api/v1/posts/2 - [::1]:63138 - python-requests/2.32.3","duration":"1.0ms","level":"info","span":"c17c7cb8b520936d","trace":"cf27bf7f4e983df31636fda7fde6018b"}
{"@timestamp":"2025-08-29T16:37:30.209+08:00","caller":"handler/loghandler.go:149","content":"[HTTP] 400 - PUT /api/v1/posts/2 - [::1]:63139 - python-requests/2.32.3","duration":"0.1ms","level":"info","span":"4ead874d04256972","trace":"ca9c61c0381a1637bd76ae822d9643a1"}
{"@timestamp":"2025-08-29T16:38:30.570+08:00","caller":"handler/loghandler.go:149","content":"[HTTP] 200 - POST /api/v1/auth/login - [::1]:63618 - python-requests/2.32.3","duration":"61.0ms","level":"info","span":"8cdd8336f757e40b","trace":"7b0eb7f6179a47e8253124de4cc39cd5"}
{"@timestamp":"2025-08-29T16:38:30.573+08:00","caller":"handler/loghandler.go:149","content":"[HTTP] 400 - PUT /api/v1/posts/2 - [::1]:63619 - python-requests/2.32.3","duration":"0.1ms","level":"info","span":"ad11b389c7907e78","trace":"2f481b7260b56fa3af7fb8af16c30e8c"}
{"@timestamp":"2025-08-29T16:38:30.578+08:00","caller":"handler/loghandler.go:149","content":"[HTTP] 200 - GET /api/v1/posts/2 - [::1]:63620 - python-requests/2.32.3","duration":"2.6ms","level":"info","span":"8f779b9a501ca63b","trace":"a4cd9337116a94b20cc8784ee0252b61"}
{"@timestamp":"2025-08-29T16:39:34.982+08:00","caller":"handler/loghandler.go:149","content":"[HTTP] 200 - POST /api/v1/auth/login - [::1]:64081 - python-requests/2.32.3","duration":"60.5ms","level":"info","span":"7e080efe88ff10f6","trace":"217733c2e8ba1212f3f8dd6e1ba1ebab"}
{"@timestamp":"2025-08-29T16:39:34.983+08:00","caller":"handler/loghandler.go:149","content":"[HTTP] 400 - PUT /api/v1/posts/2 - [::1]:64082 - python-requests/2.32.3","duration":"0.1ms","level":"info","span":"ac330b103cbb7d05","trace":"b030199ee021f28e93fd14173151400b"}
{"@timestamp":"2025-08-29T16:39:34.986+08:00","caller":"handler/loghandler.go:149","content":"[HTTP] 200 - GET /api/v1/posts/2 - [::1]:64083 - python-requests/2.32.3","duration":"1.6ms","level":"info","span":"468b440cc67acd24","trace":"214805fd368ab1b5da0ed1f836a65a22"}
{"@timestamp":"2025-08-29T16:40:01.880+08:00","caller":"proc/shutdown.go:84","content":"Got signal 15, shutting down...","level":"info"}
{"@timestamp":"2025-08-29T16:40:11.146+08:00","caller":"utils/logger.go:66","content":"Blog API server starting at 0.0.0.0:8888","level":"info"}
{"@timestamp":"2025-08-29T16:40:22.881+08:00","caller":"handler/loghandler.go:149","content":"[HTTP] 200 - POST /api/v1/auth/login - [::1]:64408 - python-requests/2.32.3","duration":"60.0ms","level":"info","span":"ab78f9d0a43a5a5c","trace":"88115643c45f17acc6c4641121595630"}
{"@timestamp":"2025-08-29T16:40:22.883+08:00","caller":"handler/loghandler.go:149","content":"[HTTP] 400 - PUT /api/v1/posts/2 - [::1]:64409 - python-requests/2.32.3","duration":"0.1ms","level":"info","span":"db1fc1fd155f1097","trace":"219687348ad6ecdf688476c12b95565c"}
{"@timestamp":"2025-08-29T16:40:22.886+08:00","caller":"handler/loghandler.go:149","content":"[HTTP] 200 - GET /api/v1/posts/2 - [::1]:64410 - python-requests/2.32.3","duration":"1.4ms","level":"info","span":"c87998c0c1aa8309","trace":"9256a4d556f7af92a30654c181fa3159"}
{"@timestamp":"2025-08-29T16:41:18.577+08:00","caller":"proc/shutdown.go:84","content":"Got signal 15, shutting down...","level":"info"}
{"@timestamp":"2025-08-29T16:42:02.839+08:00","caller":"utils/logger.go:66","content":"Blog API server starting at 0.0.0.0:8888","level":"info"}
{"@timestamp":"2025-08-29T16:42:16.692+08:00","caller":"handler/loghandler.go:149","content":"[HTTP] 200 - POST /api/v1/auth/login - [::1]:65474 - python-requests/2.32.3","duration":"59.8ms","level":"info","span":"86e1c9b108563366","trace":"39d2bdb7637cdf7b44d694986c4d75dd"}
{"@timestamp":"2025-08-29T16:42:16.701+08:00","caller":"handler/loghandler.go:149","content":"[HTTP] 200 - PUT /api/v1/posts/2 - [::1]:65475 - python-requests/2.32.3","duration":"6.6ms","level":"info","span":"ab6b43a31225e69a","trace":"660159310ea15f204ae32faf910041b8"}
{"@timestamp":"2025-08-29T16:42:16.703+08:00","caller":"handler/loghandler.go:149","content":"[HTTP] 200 - GET /api/v1/posts/2 - [::1]:65476 - python-requests/2.32.3","duration":"1.0ms","level":"info","span":"ab5a374968ec7829","trace":"fd665a0b526607f87acb9fb4a0b82e4e"}
{"@timestamp":"2025-08-29T16:42:44.161+08:00","caller":"handler/loghandler.go:149","content":"[HTTP] 200 - POST /api/v1/auth/login - [::1]:49416 - python-requests/2.32.3","duration":"60.7ms","level":"info","span":"559c0c2d601836b0","trace":"c50ebd9fc50afab5fba1d255ec8a460d"}
{"@timestamp":"2025-08-29T16:42:44.168+08:00","caller":"handler/loghandler.go:149","content":"[HTTP] 200 - POST /api/v1/comments - [::1]:49417 - python-requests/2.32.3","duration":"5.3ms","level":"info","span":"60f4fffb3388353d","trace":"8368dad6062e551ac0c34da393394a3c"}
{"@timestamp":"2025-08-29T16:42:44.171+08:00","caller":"handler/loghandler.go:149","content":"[HTTP] 200 - GET /api/v1/comments?post_id=2&page=1&page_size=10 - [::1]:49418 - python-requests/2.32.3","duration":"1.3ms","level":"info","span":"0b2cf7e37a89277d","trace":"ee81839dc1d0abdb3a8956e8ac0b1c58"}
{"@timestamp":"2025-08-29T16:42:44.172+08:00","caller":"handler/loghandler.go:149","content":"[HTTP] 200 - DELETE /api/v1/comments/1 - [::1]:49419 - python-requests/2.32.3","duration":"0.1ms","level":"info","span":"181bb18846263d11","trace":"ae5c039d77dcec0a59169f2ffa8467f3"}
{"@timestamp":"2025-08-29T16:42:44.174+08:00","caller":"handler/loghandler.go:149","content":"[HTTP] 200 - GET /api/v1/comments?post_id=2&page=1&page_size=10 - [::1]:49420 - python-requests/2.32.3","duration":"1.1ms","level":"info","span":"50f1b836d804c217","trace":"842becd169aad50f8e8cca7ff435a07e"}
{"@timestamp":"2025-08-29T16:43:42.746+08:00","caller":"proc/shutdown.go:84","content":"Got signal 15, shutting down...","level":"info"}
{"@timestamp":"2025-08-29T16:43:53.784+08:00","caller":"utils/logger.go:66","content":"Blog API server starting at 0.0.0.0:8888","level":"info"}
{"@timestamp":"2025-08-29T16:44:15.135+08:00","caller":"handler/loghandler.go:149","content":"[HTTP] 200 - POST /api/v1/auth/login - [::1]:50118 - python-requests/2.32.3","duration":"62.7ms","level":"info","span":"772edf50a55b4908","trace":"ccfcb5341eb2e9c6aab56fadacb365f1"}
{"@timestamp":"2025-08-29T16:44:15.143+08:00","caller":"handler/loghandler.go:149","content":"[HTTP] 200 - POST /api/v1/comments - [::1]:50119 - python-requests/2.32.3","duration":"5.6ms","level":"info","span":"47ad02171d704a20","trace":"c4ea9eae474bb04820830af3b28c2fe3"}
{"@timestamp":"2025-08-29T16:44:15.145+08:00","caller":"handler/loghandler.go:149","content":"[HTTP] 200 - GET /api/v1/comments?post_id=2&page=1&page_size=10 - [::1]:50120 - python-requests/2.32.3","duration":"1.3ms","level":"info","span":"ecff40cdce239428","trace":"e22ade84f0f29b17b4e69fb62222cbdf"}
{"@timestamp":"2025-08-29T16:44:15.149+08:00","caller":"handler/loghandler.go:149","content":"[HTTP] 200 - DELETE /api/v1/comments/2 - [::1]:50121 - python-requests/2.32.3","duration":"2.5ms","level":"info","span":"112e1950bae1f5b1","trace":"a743c501ea4d07c288c93c3fd4fddce1"}
{"@timestamp":"2025-08-29T16:44:15.152+08:00","caller":"handler/loghandler.go:149","content":"[HTTP] 200 - GET /api/v1/comments?post_id=2&page=1&page_size=10 - [::1]:50122 - python-requests/2.32.3","duration":"1.5ms","level":"info","span":"9bc23f515aa72872","trace":"ce23b12a7b1f0aa974a40837d4b1ee82"}
{"@timestamp":"2025-08-29T16:44:41.891+08:00","caller":"handler/loghandler.go:149","content":"[HTTP] 400 - POST /api/v1/auth/register - [::1]:50292 - python-requests/2.32.3","duration":"0.1ms","level":"info","span":"795f762a1e27b426","trace":"4e3fa601e4b550714d8564511f83fdda"}
{"@timestamp":"2025-08-29T16:44:41.893+08:00","caller":"handler/loghandler.go:149","content":"[HTTP] 401 - POST /api/v1/posts - [::1]:50293 - python-requests/2.32.3","duration":"0.1ms","level":"info","span":"48caba8c3139d744","trace":"f83fa4c821ad7dfebe86ca8d494d4a59"}
{"@timestamp":"2025-08-29T16:44:41.896+08:00","caller":"handler/loghandler.go:149","content":"[HTTP] 400 - GET /api/v1/posts/999999 - [::1]:50294 - python-requests/2.32.3","duration":"1.6ms","level":"info","span":"4bede5ece361cc51","trace":"dca1e7e4851f588357d62772270a765f"}
{"@timestamp":"2025-08-29T16:44:41.899+08:00","caller":"handler/loghandler.go:149","content":"[HTTP] 200 - GET /api/v1/comments?post_id=999999 - [::1]:50295 - python-requests/2.32.3","duration":"1.4ms","level":"info","span":"d738cc1904998d9e","trace":"e583f6cce47da5886a71a2c8daf299bf"}
{"@timestamp":"2025-08-29T16:44:41.959+08:00","caller":"handler/loghandler.go:149","content":"[HTTP] 200 - POST /api/v1/auth/login - [::1]:50296 - python-requests/2.32.3","duration":"59.1ms","level":"info","span":"edf3d5d3af3e2d89","trace":"3d8534b71b7a795b3e44a43c52ef4b80"}
{"@timestamp":"2025-08-29T16:44:41.960+08:00","caller":"handler/loghandler.go:149","content":"[HTTP] 400 - POST /api/v1/posts - [::1]:50297 - python-requests/2.32.3","duration":"0.1ms","level":"info","span":"f7acc17b05c366d1","trace":"5889d0d650bebe600088b0282808d9d3"}
{"@timestamp":"2025-08-29T16:44:41.962+08:00","caller":"handler/loghandler.go:149","content":"[HTTP] 400 - DELETE /api/v1/posts/999999 - [::1]:50298 - python-requests/2.32.3","duration":"0.0ms","level":"info","span":"bb6e9a66796af545","trace":"0064c1d9f9c0fa6f7d8c27a8b2ee6367"}
{"@timestamp":"2025-08-29T16:45:13.621+08:00","caller":"handler/loghandler.go:149","content":"[HTTP] 200 - POST /api/v1/auth/register - [::1]:50456 - python-requests/2.32.3","duration":"67.8ms","level":"info","span":"91c36f2f686273ff","trace":"6cd48e287c9c840a77c481f9ec3ad42b"}
{"@timestamp":"2025-08-29T16:45:13.685+08:00","caller":"handler/loghandler.go:149","content":"[HTTP] 200 - POST /api/v1/auth/login - [::1]:50457 - python-requests/2.32.3","duration":"61.6ms","level":"info","span":"9554b31b24a7163d","trace":"f38bf88cb9f2440281217b436e5dc8e5"}
{"@timestamp":"2025-08-29T16:45:13.688+08:00","caller":"handler/loghandler.go:149","content":"[HTTP] 200 - GET /api/v1/user/info - [::1]:50458 - python-requests/2.32.3","duration":"0.8ms","level":"info","span":"c284c86612e2587d","trace":"edf6c27531f7e4cb7bf38c7181c87c87"}
{"@timestamp":"2025-08-29T16:45:13.692+08:00","caller":"handler/loghandler.go:149","content":"[HTTP] 200 - POST /api/v1/posts - [::1]:50459 - python-requests/2.32.3","duration":"2.8ms","level":"info","span":"bbb2a5c29a182efe","trace":"d7fc424607505b6d0dc79fe9917e78d8"}
{"@timestamp":"2025-08-29T16:45:13.696+08:00","caller":"handler/loghandler.go:149","content":"[HTTP] 200 - GET /api/v1/posts?page=1&page_size=5 - [::1]:50460 - python-requests/2.32.3","duration":"1.9ms","level":"info","span":"ee48be9603aca84d","trace":"2984eb6f5545b367b03c2d64572d0be7"}
{"@timestamp":"2025-08-29T16:45:13.698+08:00","caller":"handler/loghandler.go:149","content":"[HTTP] 200 - GET /api/v1/posts/3 - [::1]:50461 - python-requests/2.32.3","duration":"0.8ms","level":"info","span":"d0b742bb1c14fceb","trace":"71ee3e6332c9b0beb70a8bcffbfba7c6"}
{"@timestamp":"2025-08-29T16:45:13.703+08:00","caller":"handler/loghandler.go:149","content":"[HTTP] 200 - PUT /api/v1/posts/3 - [::1]:50462 - python-requests/2.32.3","duration":"3.7ms","level":"info","span":"a8edebc0029babbe","trace":"82d7f501c03154f37f551d72d6d68b8a"}
{"@timestamp":"2025-08-29T16:45:13.707+08:00","caller":"handler/loghandler.go:149","content":"[HTTP] 200 - POST /api/v1/comments - [::1]:50463 - python-requests/2.32.3","duration":"3.3ms","level":"info","span":"fa45403ad06bf7df","trace":"3787612bc97f5f68b42ce10e454854c8"}
{"@timestamp":"2025-08-29T16:45:13.710+08:00","caller":"handler/loghandler.go:149","content":"[HTTP] 200 - GET /api/v1/comments?post_id=3 - [::1]:50464 - python-requests/2.32.3","duration":"1.2ms","level":"info","span":"a24022ae479e1fa4","trace":"23c1443606fd9150086e7a45d7fac121"}
{"@timestamp":"2025-08-29T16:45:13.713+08:00","caller":"handler/loghandler.go:149","content":"[HTTP] 200 - DELETE /api/v1/comments/3 - [::1]:50465 - python-requests/2.32.3","duration":"1.7ms","level":"info","span":"29229f7a43654251","trace":"edf46c20298e2c21e42be3b4b7737a5f"}
{"@timestamp":"2025-08-29T16:45:13.715+08:00","caller":"handler/loghandler.go:149","content":"[HTTP] 400 - DELETE /api/v1/posts/3 - [::1]:50466 - python-requests/2.32.3","duration":"0.0ms","level":"info","span":"a707c8d41bcdcf05","trace":"4005f7ca472541e3ce26653841dc2a38"}
{"@timestamp":"2025-08-29T16:46:49.391+08:00","caller":"proc/shutdown.go:84","content":"Got signal 15, shutting down...","level":"info"}
{"@timestamp":"2025-08-29T16:46:57.922+08:00","caller":"utils/logger.go:66","content":"Blog API server starting at 0.0.0.0:8888","level":"info"}
{"@timestamp":"2025-08-29T16:47:18.774+08:00","caller":"handler/loghandler.go:149","content":"[HTTP] 404 - POST /api/v1/login - [::1]:51783 - python-requests/2.32.3","duration":"0.0ms","level":"info","span":"6b28b057555b614d","trace":"0e44808aee35dd45c4bfad22d6d8169a"}
{"@timestamp":"2025-08-29T16:47:45.878+08:00","caller":"handler/loghandler.go:149","content":"[HTTP] 400 - POST /api/v1/auth/login - [::1]:51951 - python-requests/2.32.3","duration":"0.2ms","level":"info","span":"6a2cde8eb8d172de","trace":"ca2a502ebba090c3918de851a9d102ed"}
{"@timestamp":"2025-08-29T16:48:08.894+08:00","caller":"handler/loghandler.go:149","content":"[HTTP] 200 - POST /api/v1/auth/login - [::1]:52072 - python-requests/2.32.3","duration":"62.4ms","level":"info","span":"f17ea7b92ba1723d","trace":"791740518247d9495c99fbe08551a019"}
{"@timestamp":"2025-08-29T16:48:33.133+08:00","caller":"handler/loghandler.go:149","content":"[HTTP] 200 - POST /api/v1/auth/register - [::1]:52303 - python-requests/2.32.3","duration":"0.1ms","level":"info","span":"4fd245b59f4865b6","trace":"f3887ba37fa57fa39fe1b9d94b48532f"}
{"@timestamp":"2025-08-29T16:48:33.140+08:00","caller":"handler/loghandler.go:149","content":"[HTTP] 400 - POST /api/v1/auth/login - [::1]:52304 - python-requests/2.32.3","duration":"3.7ms","level":"info","span":"d076c5ce69834a0b","trace":"e932d5d25b2b36f3515e290f6e7ec5de"}
{"@timestamp":"2025-08-29T16:48:59.946+08:00","caller":"handler/loghandler.go:149","content":"[HTTP] 200 - POST /api/v1/auth/login - [::1]:52431 - python-requests/2.32.3","duration":"60.3ms","level":"info","span":"4d5474c9fa365036","trace":"8c9b2f0c8a3809d91eb65411c3f40745"}
{"@timestamp":"2025-08-29T16:48:59.952+08:00","caller":"handler/loghandler.go:149","content":"[HTTP] 200 - POST /api/v1/posts - [::1]:52432 - python-requests/2.32.3","duration":"4.1ms","level":"info","span":"455af225cd391db3","trace":"22d28af98f53e0fdf3bf15cdc98a6ac9"}
{"@timestamp":"2025-08-29T16:48:59.955+08:00","caller":"handler/loghandler.go:149","content":"[HTTP] 200 - DELETE /api/v1/posts/4 - [::1]:52433 - python-requests/2.32.3","duration":"1.5ms","level":"info","span":"6df8cdd476a025a4","trace":"ce340344443a44a080bb52e583bcd268"}
{"@timestamp":"2025-08-29T16:48:59.957+08:00","caller":"handler/loghandler.go:149","content":"[HTTP] 400 - GET /api/v1/posts/4 - [::1]:52434 - python-requests/2.32.3","duration":"0.5ms","level":"info","span":"378ce85a34b0534f","trace":"cebd16de085548fd22d10eee0a2c60e9"}
{"@timestamp":"2025-08-29T16:57:11.367+08:00","caller":"handler/loghandler.go:149","content":"[HTTP] 200 - POST /api/v1/auth/register - [::1]:56068 - PostmanRuntime-ApipostRuntime/1.1.0","duration":"3.3ms","level":"info","span":"4310c230d5f2c7af","trace":"b8e4ddd1909c0bd5eeb4a6aec6d0cb9b"}
{"@timestamp":"2025-08-29T16:57:16.240+08:00","caller":"handler/loghandler.go:149","content":"[HTTP] 200 - POST /api/v1/auth/login - [::1]:56093 - PostmanRuntime-ApipostRuntime/1.1.0","duration":"86.8ms","level":"info","span":"9e83e92709ffa68c","trace":"049d926771c0f98c3a3bd4aa3f3dd1a0"}
{"@timestamp":"2025-08-29T16:57:25.387+08:00","caller":"handler/loghandler.go:149","content":"[HTTP] 200 - GET /api/v1/user/info - [::1]:56152 - PostmanRuntime-ApipostRuntime/1.1.0","duration":"1.4ms","level":"info","span":"85e4b4c2670e39d6","trace":"372455dd4a6aeb281df9d266c5fd8fc3"}
{"@timestamp":"2025-08-29T16:57:32.448+08:00","caller":"handler/loghandler.go:149","content":"[HTTP] 200 - GET /api/v1/posts?page=1&limit=10 - [::1]:56241 - PostmanRuntime-ApipostRuntime/1.1.0","duration":"3.5ms","level":"info","span":"c31ceaab2a1e0aa1","trace":"eddf36956a5ec7f1be850264eb02c727"}
{"@timestamp":"2025-08-29T16:57:49.514+08:00","caller":"handler/loghandler.go:149","content":"[HTTP] 200 - GET /api/v1/posts?page=1&limit=10 - [::1]:56292 - PostmanRuntime-ApipostRuntime/1.1.0","duration":"2.6ms","level":"info","span":"0ca59b689672e872","trace":"e94f5e132c109dd12a7630ad0d69e457"}
